<?xml version="1.0" encoding="UTF-8"?>
<!-- Generated by org.testng.reporters.JUnitReportReporter -->
<testsuite hostname="FWS-CHE-LT-5580.local" failures="0" tests="2" name="lwsdk.ios.module.testcases.SampleTestCaseiOS" time="-1697569536.000" errors="1" timestamp="2023-10-18T00:36:25 IST" skipped="1">
  <testcase classname="lwsdk.ios.module.testcases.SampleTestCaseiOS" name="test1" time="0.000">
    <skipped/>
  </testcase> <!-- test1 -->
  <testcase classname="lwsdk.ios.module.testcases.SampleTestCaseiOS" name="beforeSuite" time="-1697569536.000">
    <error message="
Parameter &#039;deviceName&#039; is required by BeforeSuite on method beforeSuite but has not been marked @Optional or defined
in /private/var/folders/y4/pzrtt6wx54bc7sxhflv_2_040000gq/T/testng-eclipse--433609343/testng-customsuite.xml" type="org.testng.TestNGException">
      <![CDATA[org.testng.TestNGException: 
Parameter 'deviceName' is required by BeforeSuite on method beforeSuite but has not been marked @Optional or defined
in /private/var/folders/y4/pzrtt6wx54bc7sxhflv_2_040000gq/T/testng-eclipse--433609343/testng-customsuite.xml
at org.testng.internal.Parameters.createParams(Parameters.java:289)
at org.testng.internal.Parameters.createParametersForMethod(Parameters.java:377)
at org.testng.internal.Parameters.createParameters(Parameters.java:721)
at org.testng.internal.Parameters.createConfigurationParameters(Parameters.java:164)
at org.testng.internal.ConfigInvoker.invokeConfigurations(ConfigInvoker.java:275)
at org.testng.SuiteRunner.privateRun(SuiteRunner.java:345)
at org.testng.SuiteRunner.run(SuiteRunner.java:304)
at org.testng.SuiteRunnerWorker.runSuite(SuiteRunnerWorker.java:53)
at org.testng.SuiteRunnerWorker.run(SuiteRunnerWorker.java:96)
at org.testng.TestNG.runSuitesSequentially(TestNG.java:1180)
at org.testng.TestNG.runSuitesLocally(TestNG.java:1102)
at org.testng.TestNG.runSuites(TestNG.java:1032)
at org.testng.TestNG.run(TestNG.java:1000)
at org.testng.remote.AbstractRemoteTestNG.run(AbstractRemoteTestNG.java:115)
at org.testng.remote.RemoteTestNG.initAndRun(RemoteTestNG.java:251)
at org.testng.remote.RemoteTestNG.main(RemoteTestNG.java:77)
]]>
    </error>
  </testcase> <!-- beforeSuite -->
</testsuite> <!-- lwsdk.ios.module.testcases.SampleTestCaseiOS -->
